<?xml version="1.0" encoding="UTF-8"?>
<!-- Generated by org.testng.reporters.JUnitReportReporter -->
<testsuite skipped="3" hostname="DESKTOP-8EBI41B" name="com.aperture.testcases.CheckHoursInTimesheet_Test" tests="6" failures="0" timestamp="28 Apr 2019 14:56:45 GMT" time="15.727" errors="0">
  <testcase name="runlogin" time="9.216" classname="com.aperture.testcases.CheckHoursInTimesheet_Test"/>
  <testcase name="runlogin" time="3.218" classname="com.aperture.testcases.CheckHoursInTimesheet_Test">
    <skipped/>
  </testcase> <!-- runlogin -->
  <testcase name="navigate_To_TimeSheet" time="0.198" classname="com.aperture.testcases.CheckHoursInTimesheet_Test"/>
  <testcase name="navigate_To_TimeSheet" time="0.143" classname="com.aperture.testcases.CheckHoursInTimesheet_Test">
    <skipped/>
  </testcase> <!-- navigate_To_TimeSheet -->
  <testcase name="searchEmptyTimesheet" time="2.952" classname="com.aperture.testcases.CheckHoursInTimesheet_Test"/>
  <testcase name="hoursEqualToZero" time="0.000" classname="com.aperture.testcases.CheckHoursInTimesheet_Test">
    <skipped/>
  </testcase> <!-- hoursEqualToZero -->
</testsuite> <!-- com.aperture.testcases.CheckHoursInTimesheet_Test -->
