<?xml version="1.0" encoding="UTF-8"?>
<!-- Generated by org.testng.reporters.JUnitReportReporter -->
<testsuite skipped="1" hostname="NODE923" name="com.aperture.testcases.Add_Account_Test" tests="6" failures="0" timestamp="06 Apr 2019 03:01:34 GMT" time="56.652" errors="0">
  <testcase name="runlogin" time="8.955" classname="com.aperture.testcases.Add_Account_Test"/>
  <testcase name="runlogin" time="3.838" classname="com.aperture.testcases.Add_Account_Test">
    <skipped/>
  </testcase> <!-- runlogin -->
  <testcase name="navigate_To_Account" time="0.242" classname="com.aperture.testcases.Add_Account_Test"/>
  <testcase name="fetchdatafromexcel" time="0.005" classname="com.aperture.testcases.Add_Account_Test"/>
  <testcase name="fetchdatafromexcel" time="0.004" classname="com.aperture.testcases.Add_Account_Test"/>
  <testcase name="createAccountPositiveCase" time="43.608" classname="com.aperture.testcases.Add_Account_Test"/>
</testsuite> <!-- com.aperture.testcases.Add_Account_Test -->
